[24/Oct/2016:04:04:31] ENGINE Listening for SIGHUP.
[24/Oct/2016:04:04:31] ENGINE Listening for SIGTERM.
[24/Oct/2016:04:04:31] ENGINE Listening for SIGUSR1.
[24/Oct/2016:04:04:31] ENGINE Bus STARTING
[24/Oct/2016:04:04:31] ENGINE Started monitor thread 'Autoreloader'.
[24/Oct/2016:04:04:31] ENGINE Started monitor thread '_TimeoutMonitor'.
[24/Oct/2016:04:04:31] ENGINE Serving on http://127.0.0.1:8080
[24/Oct/2016:04:04:31] ENGINE Bus STARTED
[24/Oct/2016:04:05:05] ENGINE Restarting because /Users/Kepler/code/seelviz/Jupyter/cherrypy/clviz_web_token.py changed.
[24/Oct/2016:04:05:05] ENGINE Stopped thread 'Autoreloader'.
[24/Oct/2016:04:05:05] ENGINE Bus STOPPING
[24/Oct/2016:04:05:05] ENGINE HTTP Server cherrypy._cpwsgi_server.CPWSGIServer(('127.0.0.1', 8080)) shut down
[24/Oct/2016:04:05:05] ENGINE Stopped thread '_TimeoutMonitor'.
[24/Oct/2016:04:05:05] ENGINE Bus STOPPED
[24/Oct/2016:04:05:05] ENGINE Bus EXITING
[24/Oct/2016:04:05:05] ENGINE Bus EXITED
[24/Oct/2016:04:05:05] ENGINE Waiting for child threads to terminate...
[24/Oct/2016:04:05:05] ENGINE Re-spawning clviz_web_token.py
[24/Oct/2016:04:05:11] ENGINE Listening for SIGHUP.
[24/Oct/2016:04:05:11] ENGINE Listening for SIGTERM.
[24/Oct/2016:04:05:11] ENGINE Listening for SIGUSR1.
[24/Oct/2016:04:05:11] ENGINE Bus STARTING
[24/Oct/2016:04:05:11] ENGINE Started monitor thread '_TimeoutMonitor'.
[24/Oct/2016:04:05:11] ENGINE Started monitor thread 'Autoreloader'.
[24/Oct/2016:04:05:11] ENGINE Serving on http://127.0.0.1:8080
[24/Oct/2016:04:05:11] ENGINE Bus STARTED
[24/Oct/2016:04:12:54] ENGINE Restarting because /Users/Kepler/code/seelviz/Jupyter/cherrypy/clviz_web_token.py changed.
[24/Oct/2016:04:12:54] ENGINE Stopped thread 'Autoreloader'.
[24/Oct/2016:04:12:54] ENGINE Bus STOPPING
[24/Oct/2016:04:12:54] ENGINE HTTP Server cherrypy._cpwsgi_server.CPWSGIServer(('127.0.0.1', 8080)) shut down
[24/Oct/2016:04:12:54] ENGINE Stopped thread '_TimeoutMonitor'.
[24/Oct/2016:04:12:54] ENGINE Bus STOPPED
[24/Oct/2016:04:12:54] ENGINE Bus EXITING
[24/Oct/2016:04:12:54] ENGINE Bus EXITED
[24/Oct/2016:04:12:54] ENGINE Waiting for child threads to terminate...
[24/Oct/2016:04:12:54] ENGINE Re-spawning clviz_web_token.py
[24/Oct/2016:04:19:46] ENGINE Listening for SIGHUP.
[24/Oct/2016:04:19:46] ENGINE Listening for SIGTERM.
[24/Oct/2016:04:19:46] ENGINE Listening for SIGUSR1.
[24/Oct/2016:04:19:46] ENGINE Bus STARTING
[24/Oct/2016:04:19:46] ENGINE Started monitor thread 'Autoreloader'.
[24/Oct/2016:04:19:46] ENGINE Started monitor thread '_TimeoutMonitor'.
[24/Oct/2016:04:19:46] ENGINE Serving on http://127.0.0.1:8080
[24/Oct/2016:04:19:46] ENGINE Bus STARTED
[24/Oct/2016:04:32:09] ENGINE Restarting because /Users/Kepler/code/seelviz/Jupyter/cherrypy/clviz_web_token.py changed.
[24/Oct/2016:04:32:09] ENGINE Stopped thread 'Autoreloader'.
[24/Oct/2016:04:32:09] ENGINE Bus STOPPING
[24/Oct/2016:04:32:09] ENGINE HTTP Server cherrypy._cpwsgi_server.CPWSGIServer(('127.0.0.1', 8080)) shut down
[24/Oct/2016:04:32:09] ENGINE Stopped thread '_TimeoutMonitor'.
[24/Oct/2016:04:32:09] ENGINE Bus STOPPED
[24/Oct/2016:04:32:09] ENGINE Bus EXITING
[24/Oct/2016:04:32:09] ENGINE Bus EXITED
[24/Oct/2016:04:32:09] ENGINE Waiting for child threads to terminate...
[24/Oct/2016:04:32:09] ENGINE Re-spawning clviz_web_token.py
[24/Oct/2016:04:32:15] ENGINE Listening for SIGHUP.
[24/Oct/2016:04:32:15] ENGINE Listening for SIGTERM.
[24/Oct/2016:04:32:15] ENGINE Listening for SIGUSR1.
[24/Oct/2016:04:32:15] ENGINE Bus STARTING
[24/Oct/2016:04:32:15] ENGINE Started monitor thread '_TimeoutMonitor'.
[24/Oct/2016:04:32:15] ENGINE Started monitor thread 'Autoreloader'.
[24/Oct/2016:04:32:15] ENGINE Serving on http://127.0.0.1:8080
[24/Oct/2016:04:32:15] ENGINE Bus STARTED
[24/Oct/2016:04:32:33] ENGINE Restarting because /Users/Kepler/code/seelviz/Jupyter/cherrypy/clviz_web_token.py changed.
[24/Oct/2016:04:32:33] ENGINE Stopped thread 'Autoreloader'.
[24/Oct/2016:04:32:33] ENGINE Bus STOPPING
[24/Oct/2016:04:32:33] ENGINE HTTP Server cherrypy._cpwsgi_server.CPWSGIServer(('127.0.0.1', 8080)) shut down
[24/Oct/2016:04:32:33] ENGINE Stopped thread '_TimeoutMonitor'.
[24/Oct/2016:04:32:33] ENGINE Bus STOPPED
[24/Oct/2016:04:32:33] ENGINE Bus EXITING
[24/Oct/2016:04:32:33] ENGINE Bus EXITED
[24/Oct/2016:04:32:33] ENGINE Waiting for child threads to terminate...
[24/Oct/2016:04:32:33] ENGINE Re-spawning clviz_web_token.py
[24/Oct/2016:04:32:39] ENGINE Listening for SIGHUP.
[24/Oct/2016:04:32:39] ENGINE Listening for SIGTERM.
[24/Oct/2016:04:32:39] ENGINE Listening for SIGUSR1.
[24/Oct/2016:04:32:39] ENGINE Bus STARTING
[24/Oct/2016:04:32:39] ENGINE Started monitor thread '_TimeoutMonitor'.
[24/Oct/2016:04:32:39] ENGINE Started monitor thread 'Autoreloader'.
[24/Oct/2016:04:32:39] ENGINE Serving on http://127.0.0.1:8080
[24/Oct/2016:04:32:39] ENGINE Bus STARTED
[24/Oct/2016:04:34:01] ENGINE Restarting because /Users/Kepler/code/seelviz/Jupyter/cherrypy/clviz_web_token.py changed.
[24/Oct/2016:04:34:01] ENGINE Stopped thread 'Autoreloader'.
[24/Oct/2016:04:34:01] ENGINE Bus STOPPING
[24/Oct/2016:04:34:01] ENGINE HTTP Server cherrypy._cpwsgi_server.CPWSGIServer(('127.0.0.1', 8080)) shut down
[24/Oct/2016:04:34:01] ENGINE Stopped thread '_TimeoutMonitor'.
[24/Oct/2016:04:34:01] ENGINE Bus STOPPED
[24/Oct/2016:04:34:01] ENGINE Bus EXITING
[24/Oct/2016:04:34:01] ENGINE Bus EXITED
[24/Oct/2016:04:34:01] ENGINE Waiting for child threads to terminate...
[24/Oct/2016:04:34:01] ENGINE Re-spawning clviz_web_token.py
[24/Oct/2016:04:34:08] ENGINE Listening for SIGHUP.
[24/Oct/2016:04:34:08] ENGINE Listening for SIGTERM.
[24/Oct/2016:04:34:08] ENGINE Listening for SIGUSR1.
[24/Oct/2016:04:34:08] ENGINE Bus STARTING
[24/Oct/2016:04:34:08] ENGINE Started monitor thread '_TimeoutMonitor'.
[24/Oct/2016:04:34:08] ENGINE Started monitor thread 'Autoreloader'.
[24/Oct/2016:04:34:08] ENGINE Serving on http://127.0.0.1:8080
[24/Oct/2016:04:34:08] ENGINE Bus STARTED
[24/Oct/2016:04:35:04] ENGINE Restarting because /Users/Kepler/code/seelviz/Jupyter/cherrypy/clviz_web_token.py changed.
[24/Oct/2016:04:35:04] ENGINE Stopped thread 'Autoreloader'.
[24/Oct/2016:04:35:04] ENGINE Bus STOPPING
[24/Oct/2016:04:35:04] ENGINE HTTP Server cherrypy._cpwsgi_server.CPWSGIServer(('127.0.0.1', 8080)) shut down
[24/Oct/2016:04:35:04] ENGINE Stopped thread '_TimeoutMonitor'.
[24/Oct/2016:04:35:04] ENGINE Bus STOPPED
[24/Oct/2016:04:35:04] ENGINE Bus EXITING
[24/Oct/2016:04:35:04] ENGINE Bus EXITED
[24/Oct/2016:04:35:04] ENGINE Waiting for child threads to terminate...
[24/Oct/2016:04:35:04] ENGINE Re-spawning clviz_web_token.py
[24/Oct/2016:04:35:10] ENGINE Listening for SIGHUP.
[24/Oct/2016:04:35:10] ENGINE Listening for SIGTERM.
[24/Oct/2016:04:35:10] ENGINE Listening for SIGUSR1.
[24/Oct/2016:04:35:10] ENGINE Bus STARTING
[24/Oct/2016:04:35:10] ENGINE Started monitor thread '_TimeoutMonitor'.
[24/Oct/2016:04:35:10] ENGINE Started monitor thread 'Autoreloader'.
[24/Oct/2016:04:35:10] ENGINE Serving on http://127.0.0.1:8080
[24/Oct/2016:04:35:10] ENGINE Bus STARTED
[24/Oct/2016:04:47:40] ENGINE Restarting because /Users/Kepler/code/seelviz/Jupyter/cherrypy/clviz_web_token.py changed.
[24/Oct/2016:04:47:40] ENGINE Stopped thread 'Autoreloader'.
[24/Oct/2016:04:47:40] ENGINE Bus STOPPING
[24/Oct/2016:04:47:40] ENGINE HTTP Server cherrypy._cpwsgi_server.CPWSGIServer(('127.0.0.1', 8080)) shut down
[24/Oct/2016:04:47:40] ENGINE Stopped thread '_TimeoutMonitor'.
[24/Oct/2016:04:47:40] ENGINE Bus STOPPED
[24/Oct/2016:04:47:40] ENGINE Bus EXITING
[24/Oct/2016:04:47:41] ENGINE Bus EXITED
[24/Oct/2016:04:47:41] ENGINE Waiting for child threads to terminate...
[24/Oct/2016:04:47:41] ENGINE Re-spawning clviz_web_token.py
[24/Oct/2016:04:47:48] ENGINE Listening for SIGHUP.
[24/Oct/2016:04:47:48] ENGINE Listening for SIGTERM.
[24/Oct/2016:04:47:48] ENGINE Listening for SIGUSR1.
[24/Oct/2016:04:47:48] ENGINE Bus STARTING
[24/Oct/2016:04:47:48] ENGINE Started monitor thread '_TimeoutMonitor'.
[24/Oct/2016:04:47:48] ENGINE Started monitor thread 'Autoreloader'.
[24/Oct/2016:04:47:48] ENGINE Serving on http://127.0.0.1:8080
[24/Oct/2016:04:47:48] ENGINE Bus STARTED
[24/Oct/2016:04:49:03] HTTP 
Traceback (most recent call last):
  File "/Users/Kepler/anaconda/envs/py27/lib/python2.7/site-packages/cherrypy/_cprequest.py", line 670, in respond
    response.body = self.handler()
  File "/Users/Kepler/anaconda/envs/py27/lib/python2.7/site-packages/cherrypy/lib/encoding.py", line 217, in __call__
    self.body = self.oldhandler(*args, **kwargs)
  File "/Users/Kepler/anaconda/envs/py27/lib/python2.7/site-packages/cherrypy/_cpdispatch.py", line 61, in __call__
    return self.callable(*self.args, **self.kwargs)
  File "clviz_web_token.py", line 82, in neurodata
    image_parse(myToken)
  File "clviz_web_token.py", line 21, in image_parse
    img.loadEqImg()
  File "/Users/Kepler/anaconda/envs/py27/lib/python2.7/site-packages/clarityviz/claritybase.py", line 196, in loadEqImg
    img = nib.load(path)
  File "/Users/Kepler/anaconda/envs/py27/lib/python2.7/site-packages/nibabel/loadsave.py", line 40, in load
    raise FileNotFoundError("No such file: '%s'" % filename)
FileNotFoundError: No such file: '/Users/Kepler/code/seelviz/Jupyter/cherrypy/img/Fear199.img'
[24/Oct/2016:04:54:24] ENGINE Restarting because /Users/Kepler/code/seelviz/Jupyter/cherrypy/clviz_web_token.py changed.
[24/Oct/2016:04:54:24] ENGINE Stopped thread 'Autoreloader'.
[24/Oct/2016:04:54:24] ENGINE Bus STOPPING
[24/Oct/2016:04:54:24] ENGINE HTTP Server cherrypy._cpwsgi_server.CPWSGIServer(('127.0.0.1', 8080)) shut down
[24/Oct/2016:04:54:24] ENGINE Stopped thread '_TimeoutMonitor'.
[24/Oct/2016:04:54:24] ENGINE Bus STOPPED
[24/Oct/2016:04:54:24] ENGINE Bus EXITING
[24/Oct/2016:04:54:24] ENGINE Bus EXITED
[24/Oct/2016:04:54:24] ENGINE Waiting for child threads to terminate...
[24/Oct/2016:04:54:24] ENGINE Re-spawning clviz_web_token.py
[24/Oct/2016:04:54:30] ENGINE Listening for SIGHUP.
[24/Oct/2016:04:54:30] ENGINE Listening for SIGTERM.
[24/Oct/2016:04:54:30] ENGINE Listening for SIGUSR1.
[24/Oct/2016:04:54:30] ENGINE Bus STARTING
[24/Oct/2016:04:54:30] ENGINE Started monitor thread '_TimeoutMonitor'.
[24/Oct/2016:04:54:30] ENGINE Started monitor thread 'Autoreloader'.
[24/Oct/2016:04:54:30] ENGINE Serving on http://127.0.0.1:8080
[24/Oct/2016:04:54:30] ENGINE Bus STARTED
[24/Oct/2016:04:54:46] ENGINE Restarting because /Users/Kepler/code/seelviz/Jupyter/cherrypy/clviz_web_token.py changed.
[24/Oct/2016:04:54:46] ENGINE Stopped thread 'Autoreloader'.
[24/Oct/2016:04:54:46] ENGINE Bus STOPPING
[24/Oct/2016:04:54:46] ENGINE HTTP Server cherrypy._cpwsgi_server.CPWSGIServer(('127.0.0.1', 8080)) shut down
[24/Oct/2016:04:54:46] ENGINE Stopped thread '_TimeoutMonitor'.
[24/Oct/2016:04:54:46] ENGINE Bus STOPPED
[24/Oct/2016:04:54:46] ENGINE Bus EXITING
[24/Oct/2016:04:54:46] ENGINE Bus EXITED
[24/Oct/2016:04:54:46] ENGINE Waiting for child threads to terminate...
[24/Oct/2016:04:54:46] ENGINE Re-spawning clviz_web_token.py
[24/Oct/2016:04:54:53] ENGINE Listening for SIGHUP.
[24/Oct/2016:04:54:53] ENGINE Listening for SIGTERM.
[24/Oct/2016:04:54:53] ENGINE Listening for SIGUSR1.
[24/Oct/2016:04:54:53] ENGINE Bus STARTING
[24/Oct/2016:04:54:53] ENGINE Started monitor thread '_TimeoutMonitor'.
[24/Oct/2016:04:54:53] ENGINE Started monitor thread 'Autoreloader'.
[24/Oct/2016:04:54:53] ENGINE Serving on http://127.0.0.1:8080
[24/Oct/2016:04:54:53] ENGINE Bus STARTED
[24/Oct/2016:04:57:10] ENGINE Restarting because /Users/Kepler/code/seelviz/Jupyter/cherrypy/clviz_web_token.py changed.
[24/Oct/2016:04:57:10] ENGINE Stopped thread 'Autoreloader'.
[24/Oct/2016:04:57:10] ENGINE Bus STOPPING
[24/Oct/2016:04:57:10] ENGINE HTTP Server cherrypy._cpwsgi_server.CPWSGIServer(('127.0.0.1', 8080)) shut down
[24/Oct/2016:04:57:10] ENGINE Stopped thread '_TimeoutMonitor'.
[24/Oct/2016:04:57:10] ENGINE Bus STOPPED
[24/Oct/2016:04:57:10] ENGINE Bus EXITING
[24/Oct/2016:04:57:10] ENGINE Bus EXITED
[24/Oct/2016:04:57:10] ENGINE Waiting for child threads to terminate...
[24/Oct/2016:04:57:10] ENGINE Re-spawning clviz_web_token.py
[24/Oct/2016:04:57:17] ENGINE Listening for SIGHUP.
[24/Oct/2016:04:57:17] ENGINE Listening for SIGTERM.
[24/Oct/2016:04:57:17] ENGINE Listening for SIGUSR1.
[24/Oct/2016:04:57:17] ENGINE Bus STARTING
[24/Oct/2016:04:57:17] ENGINE Started monitor thread '_TimeoutMonitor'.
[24/Oct/2016:04:57:17] ENGINE Started monitor thread 'Autoreloader'.
[24/Oct/2016:04:57:17] ENGINE Serving on http://127.0.0.1:8080
[24/Oct/2016:04:57:17] ENGINE Bus STARTED
[24/Oct/2016:05:00:23] ENGINE Restarting because /Users/Kepler/code/seelviz/Jupyter/cherrypy/clviz_web_token.py changed.
[24/Oct/2016:05:00:23] ENGINE Stopped thread 'Autoreloader'.
[24/Oct/2016:05:00:23] ENGINE Bus STOPPING
[24/Oct/2016:05:00:23] ENGINE HTTP Server cherrypy._cpwsgi_server.CPWSGIServer(('127.0.0.1', 8080)) shut down
[24/Oct/2016:05:00:23] ENGINE Stopped thread '_TimeoutMonitor'.
[24/Oct/2016:05:00:23] ENGINE Bus STOPPED
[24/Oct/2016:05:00:23] ENGINE Bus EXITING
[24/Oct/2016:05:00:23] ENGINE Bus EXITED
[24/Oct/2016:05:00:23] ENGINE Waiting for child threads to terminate...
[24/Oct/2016:05:00:23] ENGINE Re-spawning clviz_web_token.py
[24/Oct/2016:05:00:29] ENGINE Listening for SIGHUP.
[24/Oct/2016:05:00:29] ENGINE Listening for SIGTERM.
[24/Oct/2016:05:00:29] ENGINE Listening for SIGUSR1.
[24/Oct/2016:05:00:29] ENGINE Bus STARTING
[24/Oct/2016:05:00:29] ENGINE Started monitor thread '_TimeoutMonitor'.
[24/Oct/2016:05:00:29] ENGINE Started monitor thread 'Autoreloader'.
[24/Oct/2016:05:00:30] ENGINE Serving on http://127.0.0.1:8080
[24/Oct/2016:05:00:30] ENGINE Bus STARTED
[24/Oct/2016:05:01:33] ENGINE Restarting because /Users/Kepler/code/seelviz/Jupyter/cherrypy/clviz_web_token.py changed.
[24/Oct/2016:05:01:33] ENGINE Stopped thread 'Autoreloader'.
[24/Oct/2016:05:01:33] ENGINE Bus STOPPING
[24/Oct/2016:05:01:33] ENGINE HTTP Server cherrypy._cpwsgi_server.CPWSGIServer(('127.0.0.1', 8080)) shut down
[24/Oct/2016:05:01:33] ENGINE Stopped thread '_TimeoutMonitor'.
[24/Oct/2016:05:01:33] ENGINE Bus STOPPED
[24/Oct/2016:05:01:33] ENGINE Bus EXITING
[24/Oct/2016:05:01:33] ENGINE Bus EXITED
[24/Oct/2016:05:01:33] ENGINE Waiting for child threads to terminate...
[24/Oct/2016:05:01:33] ENGINE Re-spawning clviz_web_token.py
[24/Oct/2016:05:01:40] ENGINE Listening for SIGHUP.
[24/Oct/2016:05:01:40] ENGINE Listening for SIGTERM.
[24/Oct/2016:05:01:40] ENGINE Listening for SIGUSR1.
[24/Oct/2016:05:01:40] ENGINE Bus STARTING
[24/Oct/2016:05:01:40] ENGINE Started monitor thread '_TimeoutMonitor'.
[24/Oct/2016:05:01:40] ENGINE Started monitor thread 'Autoreloader'.
[24/Oct/2016:05:01:40] ENGINE Serving on http://127.0.0.1:8080
[24/Oct/2016:05:01:40] ENGINE Bus STARTED
[24/Oct/2016:05:14:27] ENGINE Restarting because /Users/Kepler/code/seelviz/Jupyter/cherrypy/clviz_web_token.py changed.
[24/Oct/2016:05:14:27] ENGINE Stopped thread 'Autoreloader'.
[24/Oct/2016:05:14:27] ENGINE Bus STOPPING
[24/Oct/2016:05:14:27] ENGINE HTTP Server cherrypy._cpwsgi_server.CPWSGIServer(('127.0.0.1', 8080)) shut down
[24/Oct/2016:05:14:27] ENGINE Stopped thread '_TimeoutMonitor'.
[24/Oct/2016:05:14:27] ENGINE Bus STOPPED
[24/Oct/2016:05:14:27] ENGINE Bus EXITING
[24/Oct/2016:05:14:27] ENGINE Bus EXITED
[24/Oct/2016:05:14:27] ENGINE Waiting for child threads to terminate...
[24/Oct/2016:05:14:27] ENGINE Re-spawning clviz_web_token.py
[24/Oct/2016:05:14:33] ENGINE Listening for SIGHUP.
[24/Oct/2016:05:14:33] ENGINE Listening for SIGTERM.
[24/Oct/2016:05:14:33] ENGINE Listening for SIGUSR1.
[24/Oct/2016:05:14:33] ENGINE Bus STARTING
[24/Oct/2016:05:14:33] ENGINE Started monitor thread 'Autoreloader'.
[24/Oct/2016:05:14:33] ENGINE Started monitor thread '_TimeoutMonitor'.
[24/Oct/2016:05:14:33] ENGINE Serving on http://127.0.0.1:8080
[24/Oct/2016:05:14:33] ENGINE Bus STARTED
[24/Oct/2016:05:21:51] ENGINE Restarting because /Users/Kepler/code/seelviz/Jupyter/cherrypy/clviz_web_token.py changed.
[24/Oct/2016:05:21:51] ENGINE Stopped thread 'Autoreloader'.
[24/Oct/2016:05:21:51] ENGINE Bus STOPPING
[24/Oct/2016:05:21:51] ENGINE HTTP Server cherrypy._cpwsgi_server.CPWSGIServer(('127.0.0.1', 8080)) shut down
[24/Oct/2016:05:21:51] ENGINE Stopped thread '_TimeoutMonitor'.
[24/Oct/2016:05:21:51] ENGINE Bus STOPPED
[24/Oct/2016:05:21:51] ENGINE Bus EXITING
[24/Oct/2016:05:21:51] ENGINE Bus EXITED
[24/Oct/2016:05:21:51] ENGINE Waiting for child threads to terminate...
[24/Oct/2016:05:21:51] ENGINE Re-spawning clviz_web_token.py
[24/Oct/2016:05:22:00] ENGINE Listening for SIGHUP.
[24/Oct/2016:05:22:00] ENGINE Listening for SIGTERM.
[24/Oct/2016:05:22:00] ENGINE Listening for SIGUSR1.
[24/Oct/2016:05:22:00] ENGINE Bus STARTING
[24/Oct/2016:05:22:00] ENGINE Started monitor thread 'Autoreloader'.
[24/Oct/2016:05:22:00] ENGINE Started monitor thread '_TimeoutMonitor'.
[24/Oct/2016:05:22:00] ENGINE Serving on http://127.0.0.1:8080
[24/Oct/2016:05:22:00] ENGINE Bus STARTED
[24/Oct/2016:05:22:52] ENGINE Restarting because /Users/Kepler/code/seelviz/Jupyter/cherrypy/clviz_web_token.py changed.
[24/Oct/2016:05:22:52] ENGINE Stopped thread 'Autoreloader'.
[24/Oct/2016:05:22:52] ENGINE Bus STOPPING
[24/Oct/2016:05:22:52] ENGINE HTTP Server cherrypy._cpwsgi_server.CPWSGIServer(('127.0.0.1', 8080)) shut down
[24/Oct/2016:05:22:52] ENGINE Stopped thread '_TimeoutMonitor'.
[24/Oct/2016:05:22:52] ENGINE Bus STOPPED
[24/Oct/2016:05:22:52] ENGINE Bus EXITING
[24/Oct/2016:05:22:52] ENGINE Bus EXITED
[24/Oct/2016:05:22:52] ENGINE Waiting for child threads to terminate...
[24/Oct/2016:05:22:52] ENGINE Re-spawning clviz_web_token.py
[24/Oct/2016:05:22:59] ENGINE Listening for SIGHUP.
[24/Oct/2016:05:22:59] ENGINE Listening for SIGTERM.
[24/Oct/2016:05:22:59] ENGINE Listening for SIGUSR1.
[24/Oct/2016:05:22:59] ENGINE Bus STARTING
[24/Oct/2016:05:22:59] ENGINE Started monitor thread 'Autoreloader'.
[24/Oct/2016:05:22:59] ENGINE Started monitor thread '_TimeoutMonitor'.
[24/Oct/2016:05:22:59] ENGINE Serving on http://127.0.0.1:8080
[24/Oct/2016:05:22:59] ENGINE Bus STARTED
[24/Oct/2016:05:25:45] HTTP 
Traceback (most recent call last):
  File "/Users/Kepler/anaconda/envs/py27/lib/python2.7/site-packages/cherrypy/_cprequest.py", line 670, in respond
    response.body = self.handler()
  File "/Users/Kepler/anaconda/envs/py27/lib/python2.7/site-packages/cherrypy/lib/encoding.py", line 217, in __call__
    self.body = self.oldhandler(*args, **kwargs)
  File "/Users/Kepler/anaconda/envs/py27/lib/python2.7/site-packages/cherrypy/_cpdispatch.py", line 61, in __call__
    return self.callable(*self.args, **self.kwargs)
  File "clviz_web_token.py", line 345, in neurodata
    image_parse(myToken)
  File "clviz_web_token.py", line 21, in image_parse
    img.loadEqImg()
  File "/Users/Kepler/anaconda/envs/py27/lib/python2.7/site-packages/clarityviz/claritybase.py", line 196, in loadEqImg
    img = nib.load(path)
  File "/Users/Kepler/anaconda/envs/py27/lib/python2.7/site-packages/nibabel/loadsave.py", line 40, in load
    raise FileNotFoundError("No such file: '%s'" % filename)
FileNotFoundError: No such file: '/Users/Kepler/code/seelviz/Jupyter/cherrypy/img/Fear199.img'
[24/Oct/2016:05:25:54] HTTP 
Traceback (most recent call last):
  File "/Users/Kepler/anaconda/envs/py27/lib/python2.7/site-packages/cherrypy/_cprequest.py", line 670, in respond
    response.body = self.handler()
  File "/Users/Kepler/anaconda/envs/py27/lib/python2.7/site-packages/cherrypy/lib/encoding.py", line 217, in __call__
    self.body = self.oldhandler(*args, **kwargs)
  File "/Users/Kepler/anaconda/envs/py27/lib/python2.7/site-packages/cherrypy/_cpdispatch.py", line 61, in __call__
    return self.callable(*self.args, **self.kwargs)
  File "clviz_web_token.py", line 392, in upload
    with open(copy, 'wb') as fcopy:
IOError: [Errno 2] No such file or directory: u'local/'
[24/Oct/2016:05:29:50] ENGINE Restarting because /Users/Kepler/code/seelviz/Jupyter/cherrypy/clviz_web_token.py changed.
[24/Oct/2016:05:29:50] ENGINE Stopped thread 'Autoreloader'.
[24/Oct/2016:05:29:50] ENGINE Bus STOPPING
[24/Oct/2016:05:29:50] ENGINE HTTP Server cherrypy._cpwsgi_server.CPWSGIServer(('127.0.0.1', 8080)) shut down
[24/Oct/2016:05:29:50] ENGINE Stopped thread '_TimeoutMonitor'.
[24/Oct/2016:05:29:50] ENGINE Bus STOPPED
[24/Oct/2016:05:29:50] ENGINE Bus EXITING
[24/Oct/2016:05:29:50] ENGINE Bus EXITED
[24/Oct/2016:05:29:50] ENGINE Waiting for child threads to terminate...
[24/Oct/2016:05:29:50] ENGINE Re-spawning clviz_web_token.py
[24/Oct/2016:05:29:59] ENGINE Listening for SIGHUP.
[24/Oct/2016:05:29:59] ENGINE Listening for SIGTERM.
[24/Oct/2016:05:29:59] ENGINE Listening for SIGUSR1.
[24/Oct/2016:05:29:59] ENGINE Bus STARTING
[24/Oct/2016:05:29:59] ENGINE Started monitor thread 'Autoreloader'.
[24/Oct/2016:05:29:59] ENGINE Started monitor thread '_TimeoutMonitor'.
[24/Oct/2016:05:29:59] ENGINE Serving on http://127.0.0.1:8080
[24/Oct/2016:05:29:59] ENGINE Bus STARTED
[24/Oct/2016:05:30:17] ENGINE Restarting because /Users/Kepler/code/seelviz/Jupyter/cherrypy/clviz_web_token.py changed.
[24/Oct/2016:05:30:17] ENGINE Stopped thread 'Autoreloader'.
[24/Oct/2016:05:30:17] ENGINE Bus STOPPING
[24/Oct/2016:05:30:17] ENGINE HTTP Server cherrypy._cpwsgi_server.CPWSGIServer(('127.0.0.1', 8080)) shut down
[24/Oct/2016:05:30:17] ENGINE Stopped thread '_TimeoutMonitor'.
[24/Oct/2016:05:30:17] ENGINE Bus STOPPED
[24/Oct/2016:05:30:17] ENGINE Bus EXITING
[24/Oct/2016:05:30:17] ENGINE Bus EXITED
[24/Oct/2016:05:30:17] ENGINE Waiting for child threads to terminate...
[24/Oct/2016:05:30:17] ENGINE Re-spawning clviz_web_token.py
[24/Oct/2016:05:30:24] ENGINE Listening for SIGHUP.
[24/Oct/2016:05:30:24] ENGINE Listening for SIGTERM.
[24/Oct/2016:05:30:24] ENGINE Listening for SIGUSR1.
[24/Oct/2016:05:30:24] ENGINE Bus STARTING
[24/Oct/2016:05:30:24] ENGINE Started monitor thread 'Autoreloader'.
[24/Oct/2016:05:30:24] ENGINE Started monitor thread '_TimeoutMonitor'.
[24/Oct/2016:05:30:24] ENGINE Serving on http://127.0.0.1:8080
[24/Oct/2016:05:30:24] ENGINE Bus STARTED
[24/Oct/2016:05:31:43] ENGINE Restarting because /Users/Kepler/code/seelviz/Jupyter/cherrypy/clviz_web_token.py changed.
[24/Oct/2016:05:31:43] ENGINE Stopped thread 'Autoreloader'.
[24/Oct/2016:05:31:43] ENGINE Bus STOPPING
[24/Oct/2016:05:31:43] ENGINE HTTP Server cherrypy._cpwsgi_server.CPWSGIServer(('127.0.0.1', 8080)) shut down
[24/Oct/2016:05:31:43] ENGINE Stopped thread '_TimeoutMonitor'.
[24/Oct/2016:05:31:43] ENGINE Bus STOPPED
[24/Oct/2016:05:31:43] ENGINE Bus EXITING
[24/Oct/2016:05:31:43] ENGINE Bus EXITED
[24/Oct/2016:05:31:43] ENGINE Waiting for child threads to terminate...
[24/Oct/2016:05:31:43] ENGINE Re-spawning clviz_web_token.py
[24/Oct/2016:05:31:49] ENGINE Listening for SIGHUP.
[24/Oct/2016:05:31:49] ENGINE Listening for SIGTERM.
[24/Oct/2016:05:31:49] ENGINE Listening for SIGUSR1.
[24/Oct/2016:05:31:49] ENGINE Bus STARTING
[24/Oct/2016:05:31:49] ENGINE Started monitor thread 'Autoreloader'.
[24/Oct/2016:05:31:49] ENGINE Started monitor thread '_TimeoutMonitor'.
[24/Oct/2016:05:31:49] ENGINE Serving on http://127.0.0.1:8080
[24/Oct/2016:05:31:49] ENGINE Bus STARTED
[24/Oct/2016:05:35:13] ENGINE Restarting because /Users/Kepler/code/seelviz/Jupyter/cherrypy/clviz_web_token.py changed.
[24/Oct/2016:05:35:13] ENGINE Stopped thread 'Autoreloader'.
[24/Oct/2016:05:35:13] ENGINE Bus STOPPING
[24/Oct/2016:05:35:13] ENGINE HTTP Server cherrypy._cpwsgi_server.CPWSGIServer(('127.0.0.1', 8080)) shut down
[24/Oct/2016:05:35:13] ENGINE Stopped thread '_TimeoutMonitor'.
[24/Oct/2016:05:35:13] ENGINE Bus STOPPED
[24/Oct/2016:05:35:13] ENGINE Bus EXITING
[24/Oct/2016:05:35:13] ENGINE Bus EXITED
[24/Oct/2016:05:35:13] ENGINE Waiting for child threads to terminate...
[24/Oct/2016:05:35:13] ENGINE Re-spawning clviz_web_token.py
[24/Oct/2016:05:35:21] ENGINE Listening for SIGHUP.
[24/Oct/2016:05:35:21] ENGINE Listening for SIGTERM.
[24/Oct/2016:05:35:21] ENGINE Listening for SIGUSR1.
[24/Oct/2016:05:35:21] ENGINE Bus STARTING
[24/Oct/2016:05:35:21] ENGINE Started monitor thread 'Autoreloader'.
[24/Oct/2016:05:35:21] ENGINE Started monitor thread '_TimeoutMonitor'.
[24/Oct/2016:05:35:21] ENGINE Serving on http://127.0.0.1:8080
[24/Oct/2016:05:35:21] ENGINE Bus STARTED
[24/Oct/2016:05:36:02] ENGINE Restarting because /Users/Kepler/code/seelviz/Jupyter/cherrypy/clviz_web_token.py changed.
[24/Oct/2016:05:36:02] ENGINE Stopped thread 'Autoreloader'.
[24/Oct/2016:05:36:02] ENGINE Bus STOPPING
[24/Oct/2016:05:36:02] ENGINE HTTP Server cherrypy._cpwsgi_server.CPWSGIServer(('127.0.0.1', 8080)) shut down
[24/Oct/2016:05:36:02] ENGINE Stopped thread '_TimeoutMonitor'.
[24/Oct/2016:05:36:02] ENGINE Bus STOPPED
[24/Oct/2016:05:36:02] ENGINE Bus EXITING
[24/Oct/2016:05:36:02] ENGINE Bus EXITED
[24/Oct/2016:05:36:02] ENGINE Waiting for child threads to terminate...
[24/Oct/2016:05:36:02] ENGINE Re-spawning clviz_web_token.py
[24/Oct/2016:05:36:07] ENGINE Listening for SIGHUP.
[24/Oct/2016:05:36:07] ENGINE Listening for SIGTERM.
[24/Oct/2016:05:36:07] ENGINE Listening for SIGUSR1.
[24/Oct/2016:05:36:07] ENGINE Bus STARTING
[24/Oct/2016:05:36:07] ENGINE Started monitor thread 'Autoreloader'.
[24/Oct/2016:05:36:07] ENGINE Started monitor thread '_TimeoutMonitor'.
[24/Oct/2016:05:36:07] ENGINE Serving on http://127.0.0.1:8080
[24/Oct/2016:05:36:07] ENGINE Bus STARTED
[24/Oct/2016:05:38:17] ENGINE Restarting because /Users/Kepler/code/seelviz/Jupyter/cherrypy/clviz_web_token.py changed.
[24/Oct/2016:05:38:17] ENGINE Stopped thread 'Autoreloader'.
[24/Oct/2016:05:38:17] ENGINE Bus STOPPING
[24/Oct/2016:05:38:17] ENGINE HTTP Server cherrypy._cpwsgi_server.CPWSGIServer(('127.0.0.1', 8080)) shut down
[24/Oct/2016:05:38:17] ENGINE Stopped thread '_TimeoutMonitor'.
[24/Oct/2016:05:38:17] ENGINE Bus STOPPED
[24/Oct/2016:05:38:17] ENGINE Bus EXITING
[24/Oct/2016:05:38:17] ENGINE Bus EXITED
[24/Oct/2016:05:38:17] ENGINE Waiting for child threads to terminate...
[24/Oct/2016:05:38:17] ENGINE Re-spawning clviz_web_token.py
[24/Oct/2016:05:38:27] ENGINE Listening for SIGHUP.
[24/Oct/2016:05:38:27] ENGINE Listening for SIGTERM.
[24/Oct/2016:05:38:27] ENGINE Listening for SIGUSR1.
[24/Oct/2016:05:38:27] ENGINE Bus STARTING
[24/Oct/2016:05:38:27] ENGINE Started monitor thread 'Autoreloader'.
[24/Oct/2016:05:38:27] ENGINE Started monitor thread '_TimeoutMonitor'.
[24/Oct/2016:05:38:27] ENGINE Serving on http://127.0.0.1:8080
[24/Oct/2016:05:38:27] ENGINE Bus STARTED
[24/Oct/2016:05:38:55] ENGINE Restarting because /Users/Kepler/code/seelviz/Jupyter/cherrypy/clviz_web_token.py changed.
[24/Oct/2016:05:38:55] ENGINE Stopped thread 'Autoreloader'.
[24/Oct/2016:05:38:55] ENGINE Bus STOPPING
[24/Oct/2016:05:38:59] ENGINE HTTP Server cherrypy._cpwsgi_server.CPWSGIServer(('127.0.0.1', 8080)) shut down
[24/Oct/2016:05:38:59] ENGINE Stopped thread '_TimeoutMonitor'.
[24/Oct/2016:05:38:59] ENGINE Bus STOPPED
[24/Oct/2016:05:38:59] ENGINE Bus EXITING
[24/Oct/2016:05:38:59] ENGINE Bus EXITED
[24/Oct/2016:05:38:59] ENGINE Waiting for child threads to terminate...
[24/Oct/2016:05:38:59] ENGINE Re-spawning clviz_web_token.py
[24/Oct/2016:05:39:03] ENGINE Listening for SIGHUP.
[24/Oct/2016:05:39:03] ENGINE Listening for SIGTERM.
[24/Oct/2016:05:39:03] ENGINE Listening for SIGUSR1.
[24/Oct/2016:05:39:03] ENGINE Bus STARTING
[24/Oct/2016:05:39:03] ENGINE Started monitor thread 'Autoreloader'.
[24/Oct/2016:05:39:03] ENGINE Started monitor thread '_TimeoutMonitor'.
[24/Oct/2016:05:39:04] ENGINE Serving on http://127.0.0.1:8080
[24/Oct/2016:05:39:04] ENGINE Bus STARTED
[24/Oct/2016:05:50:24] ENGINE Restarting because /Users/Kepler/code/seelviz/Jupyter/cherrypy/clviz_web_token.py changed.
[24/Oct/2016:05:50:24] ENGINE Stopped thread 'Autoreloader'.
[24/Oct/2016:05:50:24] ENGINE Bus STOPPING
[24/Oct/2016:05:50:24] ENGINE HTTP Server cherrypy._cpwsgi_server.CPWSGIServer(('127.0.0.1', 8080)) shut down
[24/Oct/2016:05:50:24] ENGINE Stopped thread '_TimeoutMonitor'.
[24/Oct/2016:05:50:24] ENGINE Bus STOPPED
[24/Oct/2016:05:50:24] ENGINE Bus EXITING
[24/Oct/2016:05:50:24] ENGINE Bus EXITED
[24/Oct/2016:05:50:24] ENGINE Waiting for child threads to terminate...
[24/Oct/2016:05:50:24] ENGINE Re-spawning clviz_web_token.py
[24/Oct/2016:05:50:33] ENGINE Listening for SIGHUP.
[24/Oct/2016:05:50:33] ENGINE Listening for SIGTERM.
[24/Oct/2016:05:50:33] ENGINE Listening for SIGUSR1.
[24/Oct/2016:05:50:33] ENGINE Bus STARTING
[24/Oct/2016:05:50:33] ENGINE Started monitor thread 'Autoreloader'.
[24/Oct/2016:05:50:33] ENGINE Started monitor thread '_TimeoutMonitor'.
[24/Oct/2016:05:50:33] ENGINE Serving on http://127.0.0.1:8080
[24/Oct/2016:05:50:33] ENGINE Bus STARTED
[24/Oct/2016:06:07:41] ENGINE Restarting because /Users/Kepler/code/seelviz/Jupyter/cherrypy/clviz_web_token.py changed.
[24/Oct/2016:06:07:41] ENGINE Stopped thread 'Autoreloader'.
[24/Oct/2016:06:07:41] ENGINE Bus STOPPING
[24/Oct/2016:06:07:41] ENGINE HTTP Server cherrypy._cpwsgi_server.CPWSGIServer(('127.0.0.1', 8080)) shut down
[24/Oct/2016:06:07:41] ENGINE Stopped thread '_TimeoutMonitor'.
[24/Oct/2016:06:07:41] ENGINE Bus STOPPED
[24/Oct/2016:06:07:41] ENGINE Bus EXITING
[24/Oct/2016:06:07:41] ENGINE Bus EXITED
[24/Oct/2016:06:07:41] ENGINE Waiting for child threads to terminate...
[24/Oct/2016:06:07:41] ENGINE Re-spawning clviz_web_token.py
[24/Oct/2016:06:07:53] ENGINE Listening for SIGHUP.
[24/Oct/2016:06:07:53] ENGINE Listening for SIGTERM.
[24/Oct/2016:06:07:53] ENGINE Listening for SIGUSR1.
[24/Oct/2016:06:07:53] ENGINE Bus STARTING
[24/Oct/2016:06:07:53] ENGINE Started monitor thread 'Autoreloader'.
[24/Oct/2016:06:07:53] ENGINE Started monitor thread '_TimeoutMonitor'.
[24/Oct/2016:06:07:53] ENGINE Serving on http://127.0.0.1:8080
[24/Oct/2016:06:07:53] ENGINE Bus STARTED
[24/Oct/2016:06:18:02] ENGINE Keyboard Interrupt: shutting down bus
[24/Oct/2016:06:18:02] ENGINE Bus STOPPING
[24/Oct/2016:06:18:02] ENGINE HTTP Server cherrypy._cpwsgi_server.CPWSGIServer(('127.0.0.1', 8080)) shut down
[24/Oct/2016:06:18:02] ENGINE Stopped thread 'Autoreloader'.
[24/Oct/2016:06:18:02] ENGINE Stopped thread '_TimeoutMonitor'.
[24/Oct/2016:06:18:02] ENGINE Bus STOPPED
[24/Oct/2016:06:18:02] ENGINE Bus EXITING
[24/Oct/2016:06:18:02] ENGINE Bus EXITED
[24/Oct/2016:06:18:02] ENGINE Waiting for child threads to terminate...
[24/Oct/2016:06:18:14] ENGINE Listening for SIGHUP.
[24/Oct/2016:06:18:14] ENGINE Listening for SIGTERM.
[24/Oct/2016:06:18:14] ENGINE Listening for SIGUSR1.
[24/Oct/2016:06:18:14] ENGINE Bus STARTING
[24/Oct/2016:06:18:14] ENGINE Started monitor thread 'Autoreloader'.
[24/Oct/2016:06:18:14] ENGINE Started monitor thread '_TimeoutMonitor'.
[24/Oct/2016:06:18:14] ENGINE Serving on http://127.0.0.1:8080
[24/Oct/2016:06:18:14] ENGINE Bus STARTED
[24/Oct/2016:06:24:42] ENGINE Restarting because /Users/Kepler/code/seelviz/Jupyter/cherrypy/clviz_web_token.py changed.
[24/Oct/2016:06:24:42] ENGINE Stopped thread 'Autoreloader'.
[24/Oct/2016:06:24:42] ENGINE Bus STOPPING
[24/Oct/2016:06:24:42] ENGINE HTTP Server cherrypy._cpwsgi_server.CPWSGIServer(('127.0.0.1', 8080)) shut down
[24/Oct/2016:06:24:42] ENGINE Stopped thread '_TimeoutMonitor'.
[24/Oct/2016:06:24:42] ENGINE Bus STOPPED
[24/Oct/2016:06:24:42] ENGINE Bus EXITING
[24/Oct/2016:06:24:42] ENGINE Bus EXITED
[24/Oct/2016:06:24:42] ENGINE Waiting for child threads to terminate...
[24/Oct/2016:06:24:42] ENGINE Re-spawning clviz_web_token.py
[24/Oct/2016:06:24:52] ENGINE Listening for SIGHUP.
[24/Oct/2016:06:24:52] ENGINE Listening for SIGTERM.
[24/Oct/2016:06:24:52] ENGINE Listening for SIGUSR1.
[24/Oct/2016:06:24:52] ENGINE Bus STARTING
[24/Oct/2016:06:24:52] ENGINE Started monitor thread 'Autoreloader'.
[24/Oct/2016:06:24:52] ENGINE Started monitor thread '_TimeoutMonitor'.
[24/Oct/2016:06:24:52] ENGINE Serving on http://127.0.0.1:8080
[24/Oct/2016:06:24:52] ENGINE Bus STARTED
[24/Oct/2016:06:27:34] ENGINE Restarting because /Users/Kepler/code/seelviz/Jupyter/cherrypy/clviz_web_token.py changed.
[24/Oct/2016:06:27:34] ENGINE Stopped thread 'Autoreloader'.
[24/Oct/2016:06:27:34] ENGINE Bus STOPPING
[24/Oct/2016:06:27:34] ENGINE HTTP Server cherrypy._cpwsgi_server.CPWSGIServer(('127.0.0.1', 8080)) shut down
[24/Oct/2016:06:27:34] ENGINE Stopped thread '_TimeoutMonitor'.
[24/Oct/2016:06:27:34] ENGINE Bus STOPPED
[24/Oct/2016:06:27:34] ENGINE Bus EXITING
[24/Oct/2016:06:27:34] ENGINE Bus EXITED
[24/Oct/2016:06:27:34] ENGINE Waiting for child threads to terminate...
[24/Oct/2016:06:27:34] ENGINE Re-spawning clviz_web_token.py
[24/Oct/2016:06:27:42] ENGINE Listening for SIGHUP.
[24/Oct/2016:06:27:42] ENGINE Listening for SIGTERM.
[24/Oct/2016:06:27:42] ENGINE Listening for SIGUSR1.
[24/Oct/2016:06:27:42] ENGINE Bus STARTING
[24/Oct/2016:06:27:42] ENGINE Started monitor thread 'Autoreloader'.
[24/Oct/2016:06:27:42] ENGINE Started monitor thread '_TimeoutMonitor'.
[24/Oct/2016:06:27:43] ENGINE Serving on http://127.0.0.1:8080
[24/Oct/2016:06:27:43] ENGINE Bus STARTED
[24/Oct/2016:06:27:54] ENGINE Restarting because /Users/Kepler/code/seelviz/Jupyter/cherrypy/clviz_web_token.py changed.
[24/Oct/2016:06:27:54] ENGINE Stopped thread 'Autoreloader'.
[24/Oct/2016:06:27:54] ENGINE Bus STOPPING
[24/Oct/2016:06:27:56] ENGINE HTTP Server cherrypy._cpwsgi_server.CPWSGIServer(('127.0.0.1', 8080)) shut down
[24/Oct/2016:06:27:56] ENGINE Stopped thread '_TimeoutMonitor'.
[24/Oct/2016:06:27:56] ENGINE Bus STOPPED
[24/Oct/2016:06:27:56] ENGINE Bus EXITING
[24/Oct/2016:06:27:56] ENGINE Bus EXITED
[24/Oct/2016:06:27:56] ENGINE Waiting for child threads to terminate...
[24/Oct/2016:06:27:56] ENGINE Re-spawning clviz_web_token.py
[24/Oct/2016:06:28:04] ENGINE Listening for SIGHUP.
[24/Oct/2016:06:28:04] ENGINE Listening for SIGTERM.
[24/Oct/2016:06:28:04] ENGINE Listening for SIGUSR1.
[24/Oct/2016:06:28:04] ENGINE Bus STARTING
[24/Oct/2016:06:28:04] ENGINE Started monitor thread 'Autoreloader'.
[24/Oct/2016:06:28:04] ENGINE Started monitor thread '_TimeoutMonitor'.
[24/Oct/2016:06:28:04] ENGINE Serving on http://127.0.0.1:8080
[24/Oct/2016:06:28:04] ENGINE Bus STARTED
[24/Oct/2016:06:28:23] ENGINE Restarting because /Users/Kepler/code/seelviz/Jupyter/cherrypy/clviz_web_token.py changed.
[24/Oct/2016:06:28:23] ENGINE Stopped thread 'Autoreloader'.
[24/Oct/2016:06:28:23] ENGINE Bus STOPPING
[24/Oct/2016:06:28:23] ENGINE HTTP Server cherrypy._cpwsgi_server.CPWSGIServer(('127.0.0.1', 8080)) shut down
[24/Oct/2016:06:28:23] ENGINE Stopped thread '_TimeoutMonitor'.
[24/Oct/2016:06:28:23] ENGINE Bus STOPPED
[24/Oct/2016:06:28:23] ENGINE Bus EXITING
[24/Oct/2016:06:28:23] ENGINE Bus EXITED
[24/Oct/2016:06:28:23] ENGINE Waiting for child threads to terminate...
[24/Oct/2016:06:28:23] ENGINE Re-spawning clviz_web_token.py
[24/Oct/2016:06:28:32] ENGINE Listening for SIGHUP.
[24/Oct/2016:06:28:32] ENGINE Listening for SIGTERM.
[24/Oct/2016:06:28:32] ENGINE Listening for SIGUSR1.
[24/Oct/2016:06:28:32] ENGINE Bus STARTING
[24/Oct/2016:06:28:32] ENGINE Started monitor thread 'Autoreloader'.
[24/Oct/2016:06:28:32] ENGINE Started monitor thread '_TimeoutMonitor'.
[24/Oct/2016:06:28:32] ENGINE Serving on http://127.0.0.1:8080
[24/Oct/2016:06:28:32] ENGINE Bus STARTED
[24/Oct/2016:06:28:47] ENGINE Restarting because /Users/Kepler/code/seelviz/Jupyter/cherrypy/clviz_web_token.py changed.
[24/Oct/2016:06:28:47] ENGINE Stopped thread 'Autoreloader'.
[24/Oct/2016:06:28:47] ENGINE Bus STOPPING
[24/Oct/2016:06:28:47] ENGINE HTTP Server cherrypy._cpwsgi_server.CPWSGIServer(('127.0.0.1', 8080)) shut down
[24/Oct/2016:06:28:47] ENGINE Stopped thread '_TimeoutMonitor'.
[24/Oct/2016:06:28:47] ENGINE Bus STOPPED
[24/Oct/2016:06:28:47] ENGINE Bus EXITING
[24/Oct/2016:06:28:47] ENGINE Bus EXITED
[24/Oct/2016:06:28:47] ENGINE Waiting for child threads to terminate...
[24/Oct/2016:06:28:47] ENGINE Re-spawning clviz_web_token.py
[24/Oct/2016:06:28:56] ENGINE Listening for SIGHUP.
[24/Oct/2016:06:28:56] ENGINE Listening for SIGTERM.
[24/Oct/2016:06:28:56] ENGINE Listening for SIGUSR1.
[24/Oct/2016:06:28:56] ENGINE Bus STARTING
[24/Oct/2016:06:28:56] ENGINE Started monitor thread 'Autoreloader'.
[24/Oct/2016:06:28:56] ENGINE Started monitor thread '_TimeoutMonitor'.
[24/Oct/2016:06:28:56] ENGINE Serving on http://127.0.0.1:8080
[24/Oct/2016:06:28:56] ENGINE Bus STARTED
[24/Oct/2016:06:30:26] ENGINE Restarting because /Users/Kepler/code/seelviz/Jupyter/cherrypy/clviz_web_token.py changed.
[24/Oct/2016:06:30:26] ENGINE Stopped thread 'Autoreloader'.
[24/Oct/2016:06:30:26] ENGINE Bus STOPPING
[24/Oct/2016:06:30:26] ENGINE HTTP Server cherrypy._cpwsgi_server.CPWSGIServer(('127.0.0.1', 8080)) shut down
[24/Oct/2016:06:30:26] ENGINE Stopped thread '_TimeoutMonitor'.
[24/Oct/2016:06:30:26] ENGINE Bus STOPPED
[24/Oct/2016:06:30:26] ENGINE Bus EXITING
[24/Oct/2016:06:30:26] ENGINE Bus EXITED
[24/Oct/2016:06:30:26] ENGINE Waiting for child threads to terminate...
[24/Oct/2016:06:30:26] ENGINE Re-spawning clviz_web_token.py
[24/Oct/2016:06:30:32] ENGINE Listening for SIGHUP.
[24/Oct/2016:06:30:32] ENGINE Listening for SIGTERM.
[24/Oct/2016:06:30:32] ENGINE Listening for SIGUSR1.
[24/Oct/2016:06:30:32] ENGINE Bus STARTING
[24/Oct/2016:06:30:32] ENGINE Started monitor thread 'Autoreloader'.
[24/Oct/2016:06:30:32] ENGINE Started monitor thread '_TimeoutMonitor'.
[24/Oct/2016:06:30:32] ENGINE Serving on http://127.0.0.1:8080
[24/Oct/2016:06:30:32] ENGINE Bus STARTED
[24/Oct/2016:06:31:27] ENGINE Keyboard Interrupt: shutting down bus
[24/Oct/2016:06:31:27] ENGINE Bus STOPPING
[24/Oct/2016:06:31:27] ENGINE HTTP Server cherrypy._cpwsgi_server.CPWSGIServer(('127.0.0.1', 8080)) shut down
[24/Oct/2016:06:31:27] ENGINE Stopped thread 'Autoreloader'.
[24/Oct/2016:06:31:27] ENGINE Stopped thread '_TimeoutMonitor'.
[24/Oct/2016:06:31:27] ENGINE Bus STOPPED
[24/Oct/2016:06:31:27] ENGINE Bus EXITING
[24/Oct/2016:06:31:27] ENGINE Bus EXITED
[24/Oct/2016:06:31:27] ENGINE Waiting for child threads to terminate...
[24/Oct/2016:06:31:37] ENGINE Listening for SIGHUP.
[24/Oct/2016:06:31:37] ENGINE Listening for SIGTERM.
[24/Oct/2016:06:31:37] ENGINE Listening for SIGUSR1.
[24/Oct/2016:06:31:37] ENGINE Bus STARTING
[24/Oct/2016:06:31:37] ENGINE Started monitor thread 'Autoreloader'.
[24/Oct/2016:06:31:37] ENGINE Started monitor thread '_TimeoutMonitor'.
[24/Oct/2016:06:31:37] ENGINE Serving on http://127.0.0.1:8080
[24/Oct/2016:06:31:37] ENGINE Bus STARTED
[24/Oct/2016:06:32:36] ENGINE Restarting because /Users/Kepler/code/seelviz/Jupyter/cherrypy/clviz_web_token.py changed.
[24/Oct/2016:06:32:36] ENGINE Stopped thread 'Autoreloader'.
[24/Oct/2016:06:32:36] ENGINE Bus STOPPING
[24/Oct/2016:06:32:36] ENGINE HTTP Server cherrypy._cpwsgi_server.CPWSGIServer(('127.0.0.1', 8080)) shut down
[24/Oct/2016:06:32:36] ENGINE Stopped thread '_TimeoutMonitor'.
[24/Oct/2016:06:32:36] ENGINE Bus STOPPED
[24/Oct/2016:06:32:36] ENGINE Bus EXITING
[24/Oct/2016:06:32:36] ENGINE Bus EXITED
[24/Oct/2016:06:32:36] ENGINE Waiting for child threads to terminate...
[24/Oct/2016:06:32:36] ENGINE Re-spawning clviz_web_token.py
[24/Oct/2016:06:32:43] ENGINE Listening for SIGHUP.
[24/Oct/2016:06:32:43] ENGINE Listening for SIGTERM.
[24/Oct/2016:06:32:43] ENGINE Listening for SIGUSR1.
[24/Oct/2016:06:32:43] ENGINE Bus STARTING
[24/Oct/2016:06:32:43] ENGINE Started monitor thread 'Autoreloader'.
[24/Oct/2016:06:32:43] ENGINE Started monitor thread '_TimeoutMonitor'.
[24/Oct/2016:06:32:43] ENGINE Serving on http://127.0.0.1:8080
[24/Oct/2016:06:32:43] ENGINE Bus STARTED
[24/Oct/2016:06:33:34] ENGINE Keyboard Interrupt: shutting down bus
[24/Oct/2016:06:33:34] ENGINE Bus STOPPING
[24/Oct/2016:06:33:34] ENGINE HTTP Server cherrypy._cpwsgi_server.CPWSGIServer(('127.0.0.1', 8080)) shut down
[24/Oct/2016:06:33:34] ENGINE Stopped thread 'Autoreloader'.
[24/Oct/2016:06:33:34] ENGINE Stopped thread '_TimeoutMonitor'.
[24/Oct/2016:06:33:34] ENGINE Bus STOPPED
[24/Oct/2016:06:33:34] ENGINE Bus EXITING
[24/Oct/2016:06:33:34] ENGINE Bus EXITED
[24/Oct/2016:06:33:34] ENGINE Waiting for child threads to terminate...
[24/Oct/2016:06:33:41] ENGINE Listening for SIGHUP.
[24/Oct/2016:06:33:41] ENGINE Listening for SIGTERM.
[24/Oct/2016:06:33:41] ENGINE Listening for SIGUSR1.
[24/Oct/2016:06:33:41] ENGINE Bus STARTING
[24/Oct/2016:06:33:41] ENGINE Started monitor thread 'Autoreloader'.
[24/Oct/2016:06:33:41] ENGINE Started monitor thread '_TimeoutMonitor'.
[24/Oct/2016:06:33:42] ENGINE Serving on http://127.0.0.1:8080
[24/Oct/2016:06:33:42] ENGINE Bus STARTED
[24/Oct/2016:06:34:01] ENGINE Keyboard Interrupt: shutting down bus
[24/Oct/2016:06:34:01] ENGINE Bus STOPPING
[24/Oct/2016:06:34:01] ENGINE HTTP Server cherrypy._cpwsgi_server.CPWSGIServer(('127.0.0.1', 8080)) shut down
[24/Oct/2016:06:34:01] ENGINE Stopped thread '_TimeoutMonitor'.
[24/Oct/2016:06:34:01] ENGINE Stopped thread 'Autoreloader'.
[24/Oct/2016:06:34:01] ENGINE Bus STOPPED
[24/Oct/2016:06:34:01] ENGINE Bus EXITING
[24/Oct/2016:06:34:01] ENGINE Bus EXITED
[24/Oct/2016:06:34:01] ENGINE Waiting for child threads to terminate...
[24/Oct/2016:06:34:07] ENGINE Listening for SIGHUP.
[24/Oct/2016:06:34:07] ENGINE Listening for SIGTERM.
[24/Oct/2016:06:34:07] ENGINE Listening for SIGUSR1.
[24/Oct/2016:06:34:07] ENGINE Bus STARTING
[24/Oct/2016:06:34:07] ENGINE Started monitor thread 'Autoreloader'.
[24/Oct/2016:06:34:07] ENGINE Started monitor thread '_TimeoutMonitor'.
[24/Oct/2016:06:34:07] ENGINE Serving on http://127.0.0.1:8080
[24/Oct/2016:06:34:07] ENGINE Bus STARTED
[24/Oct/2016:06:40:38] ENGINE Keyboard Interrupt: shutting down bus
[24/Oct/2016:06:40:38] ENGINE Bus STOPPING
[24/Oct/2016:06:40:38] ENGINE HTTP Server cherrypy._cpwsgi_server.CPWSGIServer(('127.0.0.1', 8080)) shut down
[24/Oct/2016:06:40:38] ENGINE Stopped thread '_TimeoutMonitor'.
[24/Oct/2016:06:40:38] ENGINE Stopped thread 'Autoreloader'.
[24/Oct/2016:06:40:38] ENGINE Bus STOPPED
[24/Oct/2016:06:40:38] ENGINE Bus EXITING
[24/Oct/2016:06:40:38] ENGINE Bus EXITED
[24/Oct/2016:06:40:38] ENGINE Waiting for child threads to terminate...
[24/Oct/2016:11:01:31] ENGINE Listening for SIGHUP.
[24/Oct/2016:11:01:31] ENGINE Listening for SIGTERM.
[24/Oct/2016:11:01:31] ENGINE Listening for SIGUSR1.
[24/Oct/2016:11:01:31] ENGINE Bus STARTING
[24/Oct/2016:11:01:31] ENGINE Started monitor thread 'Autoreloader'.
[24/Oct/2016:11:01:31] ENGINE Started monitor thread '_TimeoutMonitor'.
[24/Oct/2016:11:01:31] ENGINE Serving on http://127.0.0.1:8080
[24/Oct/2016:11:01:31] ENGINE Bus STARTED
[24/Oct/2016:11:04:19] ENGINE Restarting because /Users/Kepler/code/seelviz/Jupyter/cherrypy/clviz_web_token.py changed.
[24/Oct/2016:11:04:19] ENGINE Stopped thread 'Autoreloader'.
[24/Oct/2016:11:04:19] ENGINE Bus STOPPING
[24/Oct/2016:11:04:19] ENGINE HTTP Server cherrypy._cpwsgi_server.CPWSGIServer(('127.0.0.1', 8080)) shut down
[24/Oct/2016:11:04:19] ENGINE Stopped thread '_TimeoutMonitor'.
[24/Oct/2016:11:04:19] ENGINE Bus STOPPED
[24/Oct/2016:11:04:19] ENGINE Bus EXITING
[24/Oct/2016:11:04:19] ENGINE Bus EXITED
[24/Oct/2016:11:04:19] ENGINE Waiting for child threads to terminate...
[24/Oct/2016:11:04:19] ENGINE Re-spawning clviz_web_token.py
[24/Oct/2016:11:04:25] ENGINE Listening for SIGHUP.
[24/Oct/2016:11:04:25] ENGINE Listening for SIGTERM.
[24/Oct/2016:11:04:25] ENGINE Listening for SIGUSR1.
[24/Oct/2016:11:04:25] ENGINE Bus STARTING
[24/Oct/2016:11:04:25] ENGINE Started monitor thread 'Autoreloader'.
[24/Oct/2016:11:04:25] ENGINE Started monitor thread '_TimeoutMonitor'.
[24/Oct/2016:11:04:25] ENGINE Serving on http://127.0.0.1:8080
[24/Oct/2016:11:04:25] ENGINE Bus STARTED
[24/Oct/2016:11:06:29] ENGINE Restarting because /Users/Kepler/code/seelviz/Jupyter/cherrypy/clviz_web_token.py changed.
[24/Oct/2016:11:06:29] ENGINE Stopped thread 'Autoreloader'.
[24/Oct/2016:11:06:29] ENGINE Bus STOPPING
[24/Oct/2016:11:06:29] ENGINE HTTP Server cherrypy._cpwsgi_server.CPWSGIServer(('127.0.0.1', 8080)) shut down
[24/Oct/2016:11:06:29] ENGINE Stopped thread '_TimeoutMonitor'.
[24/Oct/2016:11:06:29] ENGINE Bus STOPPED
[24/Oct/2016:11:06:29] ENGINE Bus EXITING
[24/Oct/2016:11:06:29] ENGINE Bus EXITED
[24/Oct/2016:11:06:29] ENGINE Waiting for child threads to terminate...
[24/Oct/2016:11:06:29] ENGINE Re-spawning clviz_web_token.py
[24/Oct/2016:11:06:34] ENGINE Listening for SIGHUP.
[24/Oct/2016:11:06:34] ENGINE Listening for SIGTERM.
[24/Oct/2016:11:06:34] ENGINE Listening for SIGUSR1.
[24/Oct/2016:11:06:34] ENGINE Bus STARTING
[24/Oct/2016:11:06:34] ENGINE Started monitor thread 'Autoreloader'.
[24/Oct/2016:11:06:34] ENGINE Started monitor thread '_TimeoutMonitor'.
[24/Oct/2016:11:06:34] ENGINE Serving on http://127.0.0.1:8080
[24/Oct/2016:11:06:34] ENGINE Bus STARTED
[24/Oct/2016:11:15:25] ENGINE Restarting because /Users/Kepler/code/seelviz/Jupyter/cherrypy/clviz_web_token.py changed.
[24/Oct/2016:11:15:25] ENGINE Stopped thread 'Autoreloader'.
[24/Oct/2016:11:15:25] ENGINE Bus STOPPING
[24/Oct/2016:11:15:25] ENGINE HTTP Server cherrypy._cpwsgi_server.CPWSGIServer(('127.0.0.1', 8080)) shut down
[24/Oct/2016:11:15:25] ENGINE Stopped thread '_TimeoutMonitor'.
[24/Oct/2016:11:15:25] ENGINE Bus STOPPED
[24/Oct/2016:11:15:25] ENGINE Bus EXITING
[24/Oct/2016:11:15:25] ENGINE Bus EXITED
[24/Oct/2016:11:15:25] ENGINE Waiting for child threads to terminate...
[24/Oct/2016:11:15:25] ENGINE Re-spawning clviz_web_token.py
[24/Oct/2016:11:15:32] ENGINE Listening for SIGHUP.
[24/Oct/2016:11:15:32] ENGINE Listening for SIGTERM.
[24/Oct/2016:11:15:32] ENGINE Listening for SIGUSR1.
[24/Oct/2016:11:15:32] ENGINE Bus STARTING
[24/Oct/2016:11:15:32] ENGINE Started monitor thread 'Autoreloader'.
[24/Oct/2016:11:15:32] ENGINE Started monitor thread '_TimeoutMonitor'.
[24/Oct/2016:11:15:32] ENGINE Serving on http://127.0.0.1:8080
[24/Oct/2016:11:15:32] ENGINE Bus STARTED
[24/Oct/2016:11:16:07] ENGINE Restarting because /Users/Kepler/code/seelviz/Jupyter/cherrypy/clviz_web_token.py changed.
[24/Oct/2016:11:16:07] ENGINE Stopped thread 'Autoreloader'.
[24/Oct/2016:11:16:07] ENGINE Bus STOPPING
[24/Oct/2016:11:16:07] ENGINE HTTP Server cherrypy._cpwsgi_server.CPWSGIServer(('127.0.0.1', 8080)) shut down
[24/Oct/2016:11:16:07] ENGINE Stopped thread '_TimeoutMonitor'.
[24/Oct/2016:11:16:07] ENGINE Bus STOPPED
[24/Oct/2016:11:16:07] ENGINE Bus EXITING
[24/Oct/2016:11:16:07] ENGINE Bus EXITED
[24/Oct/2016:11:16:07] ENGINE Waiting for child threads to terminate...
[24/Oct/2016:11:16:07] ENGINE Re-spawning clviz_web_token.py
[24/Oct/2016:11:16:14] ENGINE Listening for SIGHUP.
[24/Oct/2016:11:16:14] ENGINE Listening for SIGTERM.
[24/Oct/2016:11:16:14] ENGINE Listening for SIGUSR1.
[24/Oct/2016:11:16:14] ENGINE Bus STARTING
[24/Oct/2016:11:16:14] ENGINE Started monitor thread 'Autoreloader'.
[24/Oct/2016:11:16:14] ENGINE Started monitor thread '_TimeoutMonitor'.
[24/Oct/2016:11:16:14] ENGINE Serving on http://127.0.0.1:8080
[24/Oct/2016:11:16:14] ENGINE Bus STARTED
[24/Oct/2016:11:18:35] ENGINE Restarting because /Users/Kepler/code/seelviz/Jupyter/cherrypy/clviz_web_token.py changed.
[24/Oct/2016:11:18:35] ENGINE Stopped thread 'Autoreloader'.
[24/Oct/2016:11:18:35] ENGINE Bus STOPPING
[24/Oct/2016:11:18:35] ENGINE HTTP Server cherrypy._cpwsgi_server.CPWSGIServer(('127.0.0.1', 8080)) shut down
[24/Oct/2016:11:18:35] ENGINE Stopped thread '_TimeoutMonitor'.
[24/Oct/2016:11:18:35] ENGINE Bus STOPPED
[24/Oct/2016:11:18:35] ENGINE Bus EXITING
[24/Oct/2016:11:18:35] ENGINE Bus EXITED
[24/Oct/2016:11:18:35] ENGINE Waiting for child threads to terminate...
[24/Oct/2016:11:18:35] ENGINE Re-spawning clviz_web_token.py
[24/Oct/2016:11:18:45] ENGINE Listening for SIGHUP.
[24/Oct/2016:11:18:45] ENGINE Listening for SIGTERM.
[24/Oct/2016:11:18:45] ENGINE Listening for SIGUSR1.
[24/Oct/2016:11:18:45] ENGINE Bus STARTING
[24/Oct/2016:11:18:45] ENGINE Started monitor thread 'Autoreloader'.
[24/Oct/2016:11:18:45] ENGINE Started monitor thread '_TimeoutMonitor'.
[24/Oct/2016:11:18:45] ENGINE Serving on http://127.0.0.1:8080
[24/Oct/2016:11:18:45] ENGINE Bus STARTED
[24/Oct/2016:11:19:58] ENGINE Restarting because /Users/Kepler/code/seelviz/Jupyter/cherrypy/clviz_web_token.py changed.
[24/Oct/2016:11:19:58] ENGINE Stopped thread 'Autoreloader'.
[24/Oct/2016:11:19:58] ENGINE Bus STOPPING
[24/Oct/2016:11:19:58] ENGINE HTTP Server cherrypy._cpwsgi_server.CPWSGIServer(('127.0.0.1', 8080)) shut down
[24/Oct/2016:11:19:58] ENGINE Stopped thread '_TimeoutMonitor'.
[24/Oct/2016:11:19:58] ENGINE Bus STOPPED
[24/Oct/2016:11:19:58] ENGINE Bus EXITING
[24/Oct/2016:11:19:58] ENGINE Bus EXITED
[24/Oct/2016:11:19:58] ENGINE Waiting for child threads to terminate...
[24/Oct/2016:11:19:58] ENGINE Re-spawning clviz_web_token.py
[24/Oct/2016:11:20:03] ENGINE Listening for SIGHUP.
[24/Oct/2016:11:20:03] ENGINE Listening for SIGTERM.
[24/Oct/2016:11:20:03] ENGINE Listening for SIGUSR1.
[24/Oct/2016:11:20:03] ENGINE Bus STARTING
[24/Oct/2016:11:20:03] ENGINE Started monitor thread 'Autoreloader'.
[24/Oct/2016:11:20:03] ENGINE Started monitor thread '_TimeoutMonitor'.
[24/Oct/2016:11:20:03] ENGINE Serving on http://127.0.0.1:8080
[24/Oct/2016:11:20:03] ENGINE Bus STARTED
[24/Oct/2016:11:20:47] ENGINE Restarting because /Users/Kepler/code/seelviz/Jupyter/cherrypy/clviz_web_token.py changed.
[24/Oct/2016:11:20:47] ENGINE Stopped thread 'Autoreloader'.
[24/Oct/2016:11:20:47] ENGINE Bus STOPPING
[24/Oct/2016:11:20:47] ENGINE HTTP Server cherrypy._cpwsgi_server.CPWSGIServer(('127.0.0.1', 8080)) shut down
[24/Oct/2016:11:20:47] ENGINE Stopped thread '_TimeoutMonitor'.
[24/Oct/2016:11:20:47] ENGINE Bus STOPPED
[24/Oct/2016:11:20:47] ENGINE Bus EXITING
[24/Oct/2016:11:20:47] ENGINE Bus EXITED
[24/Oct/2016:11:20:48] ENGINE Waiting for child threads to terminate...
[24/Oct/2016:11:20:48] ENGINE Re-spawning clviz_web_token.py
[24/Oct/2016:11:20:52] ENGINE Listening for SIGHUP.
[24/Oct/2016:11:20:52] ENGINE Listening for SIGTERM.
[24/Oct/2016:11:20:52] ENGINE Listening for SIGUSR1.
[24/Oct/2016:11:20:52] ENGINE Bus STARTING
[24/Oct/2016:11:20:52] ENGINE Started monitor thread 'Autoreloader'.
[24/Oct/2016:11:20:52] ENGINE Started monitor thread '_TimeoutMonitor'.
[24/Oct/2016:11:20:52] ENGINE Serving on http://127.0.0.1:8080
[24/Oct/2016:11:20:52] ENGINE Bus STARTED
[24/Oct/2016:11:25:18] HTTP 
Traceback (most recent call last):
  File "/Users/Kepler/anaconda/envs/py27/lib/python2.7/site-packages/cherrypy/_cprequest.py", line 670, in respond
    response.body = self.handler()
  File "/Users/Kepler/anaconda/envs/py27/lib/python2.7/site-packages/cherrypy/lib/encoding.py", line 217, in __call__
    self.body = self.oldhandler(*args, **kwargs)
  File "/Users/Kepler/anaconda/envs/py27/lib/python2.7/site-packages/cherrypy/_cpdispatch.py", line 61, in __call__
    return self.callable(*self.args, **self.kwargs)
  File "clviz_web_token.py", line 206, in neurodata
    image_parse(myToken)
  File "clviz_web_token.py", line 21, in image_parse
    img.loadEqImg()
  File "/Users/Kepler/anaconda/envs/py27/lib/python2.7/site-packages/clarityviz/claritybase.py", line 196, in loadEqImg
    img = nib.load(path)
  File "/Users/Kepler/anaconda/envs/py27/lib/python2.7/site-packages/nibabel/loadsave.py", line 40, in load
    raise FileNotFoundError("No such file: '%s'" % filename)
FileNotFoundError: No such file: '/Users/Kepler/code/seelviz/Jupyter/cherrypy/img/Fear199.img'
[24/Oct/2016:11:50:56] ENGINE Keyboard Interrupt: shutting down bus
[24/Oct/2016:11:50:56] ENGINE Bus STOPPING
[24/Oct/2016:11:50:56] ENGINE HTTP Server cherrypy._cpwsgi_server.CPWSGIServer(('127.0.0.1', 8080)) shut down
[24/Oct/2016:11:50:56] ENGINE Stopped thread 'Autoreloader'.
[24/Oct/2016:11:50:56] ENGINE Stopped thread '_TimeoutMonitor'.
[24/Oct/2016:11:50:56] ENGINE Bus STOPPED
[24/Oct/2016:11:50:56] ENGINE Bus EXITING
[24/Oct/2016:11:50:56] ENGINE Bus EXITED
[24/Oct/2016:11:50:56] ENGINE Waiting for child threads to terminate...
[24/Oct/2016:13:15:28] ENGINE Listening for SIGHUP.
[24/Oct/2016:13:15:28] ENGINE Listening for SIGTERM.
[24/Oct/2016:13:15:28] ENGINE Listening for SIGUSR1.
[24/Oct/2016:13:15:28] ENGINE Bus STARTING
[24/Oct/2016:13:15:28] ENGINE Started monitor thread 'Autoreloader'.
[24/Oct/2016:13:15:28] ENGINE Started monitor thread '_TimeoutMonitor'.
[24/Oct/2016:13:15:29] ENGINE Serving on http://127.0.0.1:8080
[24/Oct/2016:13:15:29] ENGINE Bus STARTED
[24/Oct/2016:13:18:58] HTTP 
Traceback (most recent call last):
  File "/Users/Kepler/anaconda/envs/py27/lib/python2.7/site-packages/cherrypy/_cprequest.py", line 670, in respond
    response.body = self.handler()
  File "/Users/Kepler/anaconda/envs/py27/lib/python2.7/site-packages/cherrypy/lib/encoding.py", line 217, in __call__
    self.body = self.oldhandler(*args, **kwargs)
  File "/Users/Kepler/anaconda/envs/py27/lib/python2.7/site-packages/cherrypy/_cpdispatch.py", line 61, in __call__
    return self.callable(*self.args, **self.kwargs)
  File "clviz_web_token.py", line 206, in neurodata
    image_parse(myToken)
  File "clviz_web_token.py", line 21, in image_parse
    img.loadEqImg()
  File "/Users/Kepler/anaconda/envs/py27/lib/python2.7/site-packages/clarityviz/claritybase.py", line 196, in loadEqImg
    img = nib.load(path)
  File "/Users/Kepler/anaconda/envs/py27/lib/python2.7/site-packages/nibabel/loadsave.py", line 40, in load
    raise FileNotFoundError("No such file: '%s'" % filename)
FileNotFoundError: No such file: '/Users/Kepler/code/seelviz/Jupyter/cherrypy/img/Fear199.img'
[24/Oct/2016:13:23:31] ENGINE Keyboard Interrupt: shutting down bus
[24/Oct/2016:13:23:31] ENGINE Bus STOPPING
[24/Oct/2016:13:23:31] ENGINE HTTP Server cherrypy._cpwsgi_server.CPWSGIServer(('127.0.0.1', 8080)) shut down
[24/Oct/2016:13:23:31] ENGINE Stopped thread '_TimeoutMonitor'.
[24/Oct/2016:13:23:31] ENGINE Stopped thread 'Autoreloader'.
[24/Oct/2016:13:23:31] ENGINE Bus STOPPED
[24/Oct/2016:13:23:31] ENGINE Bus EXITING
[24/Oct/2016:13:23:31] ENGINE Bus EXITED
[24/Oct/2016:13:23:31] ENGINE Waiting for child threads to terminate...
[24/Oct/2016:13:28:05] ENGINE Listening for SIGHUP.
[24/Oct/2016:13:28:05] ENGINE Listening for SIGTERM.
[24/Oct/2016:13:28:05] ENGINE Listening for SIGUSR1.
[24/Oct/2016:13:28:05] ENGINE Bus STARTING
[24/Oct/2016:13:28:05] ENGINE Started monitor thread 'Autoreloader'.
[24/Oct/2016:13:28:05] ENGINE Started monitor thread '_TimeoutMonitor'.
[24/Oct/2016:13:28:05] ENGINE Serving on http://127.0.0.1:8080
[24/Oct/2016:13:28:05] ENGINE Bus STARTED
[24/Oct/2016:13:28:31] HTTP 
Traceback (most recent call last):
  File "/Users/Kepler/anaconda/envs/py27/lib/python2.7/site-packages/cherrypy/_cprequest.py", line 670, in respond
    response.body = self.handler()
  File "/Users/Kepler/anaconda/envs/py27/lib/python2.7/site-packages/cherrypy/lib/encoding.py", line 217, in __call__
    self.body = self.oldhandler(*args, **kwargs)
  File "/Users/Kepler/anaconda/envs/py27/lib/python2.7/site-packages/cherrypy/_cpdispatch.py", line 61, in __call__
    return self.callable(*self.args, **self.kwargs)
  File "clviz_web_token.py", line 253, in upload
    with open(copy, 'wb') as fcopy:
IOError: [Errno 2] No such file or directory: u'local/Fear199.csv'
[24/Oct/2016:13:46:18] ENGINE Restarting because /Users/Kepler/code/seelviz/Jupyter/cherrypy/clviz_web_token.py changed.
[24/Oct/2016:13:46:18] ENGINE Stopped thread 'Autoreloader'.
[24/Oct/2016:13:46:18] ENGINE Bus STOPPING
[24/Oct/2016:13:46:18] ENGINE HTTP Server cherrypy._cpwsgi_server.CPWSGIServer(('127.0.0.1', 8080)) shut down
[24/Oct/2016:13:46:18] ENGINE Stopped thread '_TimeoutMonitor'.
[24/Oct/2016:13:46:18] ENGINE Bus STOPPED
[24/Oct/2016:13:46:18] ENGINE Bus EXITING
[24/Oct/2016:13:46:18] ENGINE Bus EXITED
[24/Oct/2016:13:46:18] ENGINE Waiting for child threads to terminate...
[24/Oct/2016:13:46:18] ENGINE Re-spawning clviz_web_token.py
[24/Oct/2016:13:46:32] ENGINE Listening for SIGHUP.
[24/Oct/2016:13:46:32] ENGINE Listening for SIGTERM.
[24/Oct/2016:13:46:32] ENGINE Listening for SIGUSR1.
[24/Oct/2016:13:46:32] ENGINE Bus STARTING
[24/Oct/2016:13:46:32] ENGINE Started monitor thread 'Autoreloader'.
[24/Oct/2016:13:46:32] ENGINE Started monitor thread '_TimeoutMonitor'.
[24/Oct/2016:13:46:32] ENGINE Serving on http://127.0.0.1:8080
[24/Oct/2016:13:46:32] ENGINE Bus STARTED
[24/Oct/2016:13:46:41] HTTP 
Traceback (most recent call last):
  File "/Users/Kepler/anaconda/envs/py27/lib/python2.7/site-packages/cherrypy/_cprequest.py", line 670, in respond
    response.body = self.handler()
  File "/Users/Kepler/anaconda/envs/py27/lib/python2.7/site-packages/cherrypy/lib/encoding.py", line 217, in __call__
    self.body = self.oldhandler(*args, **kwargs)
  File "/Users/Kepler/anaconda/envs/py27/lib/python2.7/site-packages/cherrypy/_cpdispatch.py", line 61, in __call__
    return self.callable(*self.args, **self.kwargs)
  File "clviz_web_token.py", line 207, in neurodata
    image_parse(myToken)
  File "clviz_web_token.py", line 26, in image_parse
    csv.loadInitCsv()
NameError: global name 'csv' is not defined
[24/Oct/2016:13:46:58] ENGINE Restarting because /Users/Kepler/code/seelviz/Jupyter/cherrypy/clviz_web_token.py changed.
[24/Oct/2016:13:46:58] ENGINE Stopped thread 'Autoreloader'.
[24/Oct/2016:13:46:58] ENGINE Bus STOPPING
[24/Oct/2016:13:46:58] ENGINE HTTP Server cherrypy._cpwsgi_server.CPWSGIServer(('127.0.0.1', 8080)) shut down
[24/Oct/2016:13:46:58] ENGINE Stopped thread '_TimeoutMonitor'.
[24/Oct/2016:13:46:58] ENGINE Bus STOPPED
[24/Oct/2016:13:46:58] ENGINE Bus EXITING
[24/Oct/2016:13:46:58] ENGINE Bus EXITED
[24/Oct/2016:13:46:58] ENGINE Waiting for child threads to terminate...
[24/Oct/2016:13:46:58] ENGINE Re-spawning clviz_web_token.py
[24/Oct/2016:13:47:06] ENGINE Listening for SIGHUP.
[24/Oct/2016:13:47:06] ENGINE Listening for SIGTERM.
[24/Oct/2016:13:47:06] ENGINE Listening for SIGUSR1.
[24/Oct/2016:13:47:06] ENGINE Bus STARTING
[24/Oct/2016:13:47:06] ENGINE Started monitor thread 'Autoreloader'.
[24/Oct/2016:13:47:06] ENGINE Started monitor thread '_TimeoutMonitor'.
[24/Oct/2016:13:47:06] ENGINE Serving on http://127.0.0.1:8080
[24/Oct/2016:13:47:06] ENGINE Bus STARTED
[24/Oct/2016:13:47:30] HTTP 
Traceback (most recent call last):
  File "/Users/Kepler/anaconda/envs/py27/lib/python2.7/site-packages/cherrypy/_cprequest.py", line 670, in respond
    response.body = self.handler()
  File "/Users/Kepler/anaconda/envs/py27/lib/python2.7/site-packages/cherrypy/lib/encoding.py", line 217, in __call__
    self.body = self.oldhandler(*args, **kwargs)
  File "/Users/Kepler/anaconda/envs/py27/lib/python2.7/site-packages/cherrypy/_cpdispatch.py", line 61, in __call__
    return self.callable(*self.args, **self.kwargs)
  File "clviz_web_token.py", line 207, in neurodata
    image_parse(myToken)
  File "clviz_web_token.py", line 26, in image_parse
    img.loadInitCsv()
  File "/Users/Kepler/anaconda/envs/py27/lib/python2.7/site-packages/clarityviz/claritybase.py", line 226, in loadInitCsv
    with open(path, 'r') as infile:
TypeError: coercing to Unicode: need string or buffer, NoneType found
[24/Oct/2016:14:05:26] ENGINE Restarting because /Users/Kepler/code/seelviz/Jupyter/cherrypy/clviz_web_token.py changed.
[24/Oct/2016:14:05:26] ENGINE Stopped thread 'Autoreloader'.
[24/Oct/2016:14:05:26] ENGINE Bus STOPPING
[24/Oct/2016:14:05:26] ENGINE HTTP Server cherrypy._cpwsgi_server.CPWSGIServer(('127.0.0.1', 8080)) shut down
[24/Oct/2016:14:05:26] ENGINE Stopped thread '_TimeoutMonitor'.
[24/Oct/2016:14:05:26] ENGINE Bus STOPPED
[24/Oct/2016:14:05:26] ENGINE Bus EXITING
[24/Oct/2016:14:05:26] ENGINE Bus EXITED
[24/Oct/2016:14:05:26] ENGINE Waiting for child threads to terminate...
[24/Oct/2016:14:05:26] ENGINE Re-spawning clviz_web_token.py
[24/Oct/2016:14:05:32] ENGINE Listening for SIGHUP.
[24/Oct/2016:14:05:32] ENGINE Listening for SIGTERM.
[24/Oct/2016:14:05:32] ENGINE Listening for SIGUSR1.
[24/Oct/2016:14:05:32] ENGINE Bus STARTING
[24/Oct/2016:14:05:32] ENGINE Started monitor thread 'Autoreloader'.
[24/Oct/2016:14:05:32] ENGINE Started monitor thread '_TimeoutMonitor'.
[24/Oct/2016:14:05:32] ENGINE Serving on http://127.0.0.1:8080
[24/Oct/2016:14:05:32] ENGINE Bus STARTED
[24/Oct/2016:14:09:23] ENGINE Keyboard Interrupt: shutting down bus
[24/Oct/2016:14:09:23] ENGINE Bus STOPPING
[24/Oct/2016:14:09:28] ENGINE HTTP Server cherrypy._cpwsgi_server.CPWSGIServer(('127.0.0.1', 8080)) shut down
[24/Oct/2016:14:09:28] ENGINE Stopped thread 'Autoreloader'.
[24/Oct/2016:14:09:28] ENGINE Stopped thread '_TimeoutMonitor'.
[24/Oct/2016:14:09:28] ENGINE Bus STOPPED
[24/Oct/2016:14:09:28] ENGINE Bus EXITING
[24/Oct/2016:14:09:28] ENGINE Bus EXITED
[24/Oct/2016:14:09:28] ENGINE Waiting for child threads to terminate...
[24/Oct/2016:14:09:37] ENGINE Listening for SIGHUP.
[24/Oct/2016:14:09:37] ENGINE Listening for SIGTERM.
[24/Oct/2016:14:09:37] ENGINE Listening for SIGUSR1.
[24/Oct/2016:14:09:37] ENGINE Bus STARTING
[24/Oct/2016:14:09:37] ENGINE Started monitor thread 'Autoreloader'.
[24/Oct/2016:14:09:37] ENGINE Started monitor thread '_TimeoutMonitor'.
[24/Oct/2016:14:09:37] ENGINE Serving on http://127.0.0.1:8080
[24/Oct/2016:14:09:37] ENGINE Bus STARTED
[24/Oct/2016:14:21:05] ENGINE Keyboard Interrupt: shutting down bus
[24/Oct/2016:14:21:05] ENGINE Bus STOPPING
[24/Oct/2016:14:21:05] ENGINE HTTP Server cherrypy._cpwsgi_server.CPWSGIServer(('127.0.0.1', 8080)) shut down
[24/Oct/2016:14:21:05] ENGINE Stopped thread '_TimeoutMonitor'.
[24/Oct/2016:14:21:05] ENGINE Stopped thread 'Autoreloader'.
[24/Oct/2016:14:21:05] ENGINE Bus STOPPED
[24/Oct/2016:14:21:05] ENGINE Bus EXITING
[24/Oct/2016:14:21:05] ENGINE Bus EXITED
[24/Oct/2016:14:21:05] ENGINE Waiting for child threads to terminate...
[25/Oct/2016:15:25:06] ENGINE Listening for SIGHUP.
[25/Oct/2016:15:25:06] ENGINE Listening for SIGTERM.
[25/Oct/2016:15:25:06] ENGINE Listening for SIGUSR1.
[25/Oct/2016:15:25:06] ENGINE Bus STARTING
[25/Oct/2016:15:25:06] ENGINE Started monitor thread '_TimeoutMonitor'.
[25/Oct/2016:15:25:06] ENGINE Serving on http://127.0.0.1:8080
[25/Oct/2016:15:25:06] ENGINE Bus STARTED
[25/Oct/2016:15:26:35] ENGINE Keyboard Interrupt: shutting down bus
[25/Oct/2016:15:26:35] ENGINE Bus STOPPING
[25/Oct/2016:15:26:35] ENGINE HTTP Server cherrypy._cpwsgi_server.CPWSGIServer(('127.0.0.1', 8080)) shut down
[25/Oct/2016:15:26:35] ENGINE Stopped thread '_TimeoutMonitor'.
[25/Oct/2016:15:26:35] ENGINE Bus STOPPED
[25/Oct/2016:15:26:35] ENGINE Bus EXITING
[25/Oct/2016:15:26:35] ENGINE Bus EXITED
[25/Oct/2016:15:26:35] ENGINE Waiting for child threads to terminate...
[25/Oct/2016:16:03:42] ENGINE Listening for SIGHUP.
[25/Oct/2016:16:03:42] ENGINE Listening for SIGTERM.
[25/Oct/2016:16:03:42] ENGINE Listening for SIGUSR1.
[25/Oct/2016:16:03:42] ENGINE Bus STARTING
[25/Oct/2016:16:03:42] ENGINE Started monitor thread '_TimeoutMonitor'.
[25/Oct/2016:16:03:42] ENGINE Serving on http://127.0.0.1:8080
[25/Oct/2016:16:03:42] ENGINE Bus STARTED
[25/Oct/2016:16:05:09] ENGINE Keyboard Interrupt: shutting down bus
[25/Oct/2016:16:05:10] ENGINE Bus STOPPING
[25/Oct/2016:16:05:10] ENGINE HTTP Server cherrypy._cpwsgi_server.CPWSGIServer(('127.0.0.1', 8080)) shut down
[25/Oct/2016:16:05:10] ENGINE Stopped thread '_TimeoutMonitor'.
[25/Oct/2016:16:05:10] ENGINE Bus STOPPED
[25/Oct/2016:16:05:10] ENGINE Bus EXITING
[25/Oct/2016:16:05:10] ENGINE Bus EXITED
[25/Oct/2016:16:05:10] ENGINE Waiting for child threads to terminate...
[25/Oct/2016:16:07:44] ENGINE Listening for SIGHUP.
[25/Oct/2016:16:07:44] ENGINE Listening for SIGTERM.
[25/Oct/2016:16:07:44] ENGINE Listening for SIGUSR1.
[25/Oct/2016:16:07:44] ENGINE Bus STARTING
[25/Oct/2016:16:07:44] ENGINE Started monitor thread '_TimeoutMonitor'.
[25/Oct/2016:16:07:44] ENGINE Serving on http://127.0.0.1:8080
[25/Oct/2016:16:07:44] ENGINE Bus STARTED
[25/Oct/2016:16:09:05] ENGINE Keyboard Interrupt: shutting down bus
[25/Oct/2016:16:09:05] ENGINE Bus STOPPING
[25/Oct/2016:16:09:05] ENGINE HTTP Server cherrypy._cpwsgi_server.CPWSGIServer(('127.0.0.1', 8080)) shut down
[25/Oct/2016:16:09:05] ENGINE Stopped thread '_TimeoutMonitor'.
[25/Oct/2016:16:09:05] ENGINE Bus STOPPED
[25/Oct/2016:16:09:05] ENGINE Bus EXITING
[25/Oct/2016:16:09:05] ENGINE Bus EXITED
[25/Oct/2016:16:09:05] ENGINE Waiting for child threads to terminate...
[25/Oct/2016:16:10:40] ENGINE Listening for SIGHUP.
[25/Oct/2016:16:10:40] ENGINE Listening for SIGTERM.
[25/Oct/2016:16:10:40] ENGINE Listening for SIGUSR1.
[25/Oct/2016:16:10:40] ENGINE Bus STARTING
[25/Oct/2016:16:10:40] ENGINE Started monitor thread '_TimeoutMonitor'.
[25/Oct/2016:16:10:41] ENGINE Serving on http://127.0.0.1:8080
[25/Oct/2016:16:10:41] ENGINE Bus STARTED
[25/Oct/2016:16:11:36] ENGINE Keyboard Interrupt: shutting down bus
[25/Oct/2016:16:11:36] ENGINE Bus STOPPING
[25/Oct/2016:16:11:36] ENGINE HTTP Server cherrypy._cpwsgi_server.CPWSGIServer(('127.0.0.1', 8080)) shut down
[25/Oct/2016:16:11:36] ENGINE Stopped thread '_TimeoutMonitor'.
[25/Oct/2016:16:11:36] ENGINE Bus STOPPED
[25/Oct/2016:16:11:36] ENGINE Bus EXITING
[25/Oct/2016:16:11:36] ENGINE Bus EXITED
[25/Oct/2016:16:11:36] ENGINE Waiting for child threads to terminate...
